<?xml version="1.0" encoding="UTF-8"?>
<!-- Generated by org.testng.reporters.JUnitReportReporter -->
<testsuite hostname="LAPTOP-UU14CC9G" failures="0" tests="1" name="customer.log" time="22.321" errors="0" timestamp="2024-09-15T18:28:46 NPT" skipped="0">
  <testcase classname="customer.log" name="Flight" time="22.321"/>
  <system-out/>
</testsuite> <!-- customer.log -->
