<?xml version="1.0" encoding="UTF-8"?>
<!-- Generated by org.testng.reporters.JUnitReportReporter -->
<testsuite hostname="LAPTOP-UU14CC9G" failures="0" tests="1" name="customer.Bookings" time="7.165" errors="0" timestamp="2024-09-15T17:57:58 NPT" skipped="0">
  <testcase classname="customer.Bookings" name="MyBookings" time="7.165"/>
  <system-out/>
</testsuite> <!-- customer.Bookings -->
